\BOOKMARK [1][-]{section.1}{Introduction}{}% 1
\BOOKMARK [1][-]{section.2}{Problem Articulation and Objectives}{}% 2
\BOOKMARK [2][-]{subsection.2.1}{Problem statement}{section.2}% 3
\BOOKMARK [2][-]{subsection.2.2}{Technical specification}{section.2}% 4
\BOOKMARK [2][-]{subsection.2.3}{Objectives}{section.2}% 5
\BOOKMARK [2][-]{subsection.2.4}{Assumptions}{section.2}% 6
\BOOKMARK [2][-]{subsection.2.5}{Constraints}{section.2}% 7
\BOOKMARK [2][-]{subsection.2.6}{Stakeholders}{section.2}% 8
\BOOKMARK [1][-]{section.3}{Literature Review}{}% 9
\BOOKMARK [2][-]{subsection.3.1}{Wellbeing of university students}{section.3}% 10
\BOOKMARK [2][-]{subsection.3.2}{Existing survey creation tools}{section.3}% 11
\BOOKMARK [2][-]{subsection.3.3}{Web-app architectures}{section.3}% 12
\BOOKMARK [3][-]{subsubsection.3.3.1}{Monolithic}{subsection.3.3}% 13
\BOOKMARK [3][-]{subsubsection.3.3.2}{N-layer}{subsection.3.3}% 14
\BOOKMARK [2][-]{subsection.3.4}{Presentation layer \(front-end\) technologies}{section.3}% 15
\BOOKMARK [3][-]{subsubsection.3.4.1}{W3C Document Object Model \(DOM\)}{subsection.3.4}% 16
\BOOKMARK [3][-]{subsubsection.3.4.2}{Angular}{subsection.3.4}% 17
\BOOKMARK [3][-]{subsubsection.3.4.3}{React}{subsection.3.4}% 18
\BOOKMARK [3][-]{subsubsection.3.4.4}{Vue}{subsection.3.4}% 19
\BOOKMARK [2][-]{subsection.3.5}{Web services API}{section.3}% 20
\BOOKMARK [3][-]{subsubsection.3.5.1}{Web 2.0}{subsection.3.5}% 21
\BOOKMARK [3][-]{subsubsection.3.5.2}{SOAP}{subsection.3.5}% 22
\BOOKMARK [3][-]{subsubsection.3.5.3}{REST}{subsection.3.5}% 23
\BOOKMARK [2][-]{subsection.3.6}{Application layer \(back-end\) technologies}{section.3}% 24
\BOOKMARK [3][-]{subsubsection.3.6.1}{NodeJS}{subsection.3.6}% 25
\BOOKMARK [3][-]{subsubsection.3.6.2}{Java Spring Framework}{subsection.3.6}% 26
\BOOKMARK [2][-]{subsection.3.7}{Web security}{section.3}% 27
\BOOKMARK [3][-]{subsubsection.3.7.1}{HTTPS, SSL and TLS}{subsection.3.7}% 28
\BOOKMARK [3][-]{subsubsection.3.7.2}{Oauth2 and JSON Web Tokens}{subsection.3.7}% 29
\BOOKMARK [1][-]{section.4}{Solution Approach}{}% 30
\BOOKMARK [2][-]{subsection.4.1}{Development approach}{section.4}% 31
\BOOKMARK [2][-]{subsection.4.2}{Architecture approach}{section.4}% 32
\BOOKMARK [2][-]{subsection.4.3}{Client side technologies and frameworks}{section.4}% 33
\BOOKMARK [2][-]{subsection.4.4}{Server side language and framework}{section.4}% 34
\BOOKMARK [2][-]{subsection.4.5}{Web services API}{section.4}% 35
\BOOKMARK [2][-]{subsection.4.6}{Build automation and dependency management}{section.4}% 36
\BOOKMARK [2][-]{subsection.4.7}{Data storage solution}{section.4}% 37
\BOOKMARK [2][-]{subsection.4.8}{Data layer technologies}{section.4}% 38
\BOOKMARK [2][-]{subsection.4.9}{Version control}{section.4}% 39
\BOOKMARK [1][-]{section.5}{Quality plan}{}% 40
\BOOKMARK [2][-]{subsection.5.1}{Quality goals}{section.5}% 41
\BOOKMARK [3][-]{subsubsection.5.1.1}{Definitions of quality}{subsection.5.1}% 42
\BOOKMARK [1][-]{section.6}{Design and Implementation}{}% 43
\BOOKMARK [2][-]{subsection.6.1}{System model design}{section.6}% 44
\BOOKMARK [2][-]{subsection.6.2}{Flow diagram}{section.6}% 45
\BOOKMARK [2][-]{subsection.6.3}{Database \(data layer\)}{section.6}% 46
\BOOKMARK [3][-]{subsubsection.6.3.1}{Java Persistence API}{subsection.6.3}% 47
\BOOKMARK [3][-]{subsubsection.6.3.2}{Final DB schema}{subsection.6.3}% 48
\BOOKMARK [2][-]{subsection.6.4}{REST API}{section.6}% 49
\BOOKMARK [3][-]{subsubsection.6.4.1}{API Design}{subsection.6.4}% 50
\BOOKMARK [3][-]{subsubsection.6.4.2}{Java implementation}{subsection.6.4}% 51
\BOOKMARK [3][-]{subsubsection.6.4.3}{Swagger documentation}{subsection.6.4}% 52
\BOOKMARK [2][-]{subsection.6.5}{Security implementations}{section.6}% 53
\BOOKMARK [3][-]{subsubsection.6.5.1}{Web security configuration}{subsection.6.5}% 54
\BOOKMARK [3][-]{subsubsection.6.5.2}{Oauth2 Authorisation server configuration}{subsection.6.5}% 55
\BOOKMARK [3][-]{subsubsection.6.5.3}{Oauth2 Resource server configuration}{subsection.6.5}% 56
\BOOKMARK [2][-]{subsection.6.6}{REACT client}{section.6}% 57
\BOOKMARK [3][-]{subsubsection.6.6.1}{Client class diagram}{subsection.6.6}% 58
\BOOKMARK [3][-]{subsubsection.6.6.2}{REACT Component}{subsection.6.6}% 59
\BOOKMARK [3][-]{subsubsection.6.6.3}{Authentication service}{subsection.6.6}% 60
\BOOKMARK [3][-]{subsubsection.6.6.4}{Survey manager}{subsection.6.6}% 61
\BOOKMARK [1][-]{section.7}{Testing}{}% 62
\BOOKMARK [2][-]{subsubsection.7.0.1}{Login page}{section.7}% 63
\BOOKMARK [3][-]{subsubsection.7.0.2}{Survey list page}{subsubsection.7.0.1}% 64
\BOOKMARK [3][-]{subsubsection.7.0.3}{Survey edit page}{subsubsection.7.0.1}% 65
\BOOKMARK [3][-]{subsubsection.7.0.4}{Survey question editing}{subsubsection.7.0.1}% 66
\BOOKMARK [3][-]{subsubsection.7.0.5}{Further feedback}{subsubsection.7.0.1}% 67
\BOOKMARK [1][-]{section.8}{Evaluations}{}% 68
\BOOKMARK [2][-]{subsection.8.1}{Application evaluation}{section.8}% 69
\BOOKMARK [3][-]{subsubsection.8.1.1}{Successes of the application}{subsection.8.1}% 70
\BOOKMARK [3][-]{subsubsection.8.1.2}{Future considerations}{subsection.8.1}% 71
\BOOKMARK [2][-]{subsection.8.2}{Social, legal \046 ethical aspects}{section.8}% 72
\BOOKMARK [3][-]{subsubsection.8.2.1}{Social}{subsection.8.2}% 73
\BOOKMARK [3][-]{subsubsection.8.2.2}{Legal}{subsection.8.2}% 74
\BOOKMARK [3][-]{subsubsection.8.2.3}{Ethical}{subsection.8.2}% 75
\BOOKMARK [2][-]{subsection.8.3}{Developer performance}{section.8}% 76
\BOOKMARK [3][-]{subsubsection.8.3.1}{Challenges}{subsection.8.3}% 77
\BOOKMARK [3][-]{subsubsection.8.3.2}{Strengths}{subsection.8.3}% 78
\BOOKMARK [3][-]{subsubsection.8.3.3}{Skills gained}{subsection.8.3}% 79
